# JRE version: Java(TM) SE Runtime Environment (19.0.2+7) (build 19.0.2+7-44)
# Java VM: Java HotSpot(TM) 64-Bit Server VM (19.0.2+7-44, mixed mode, sharing, tiered, compressed oops, compressed class ptrs, g1 gc, windows-amd64)
GC Precious Log:
 CardTable entry size: 512
 Card Set container configuration: InlinePtr #cards 5 size 8 Array Of Cards #cards 12 size 40 Howl #buckets 4 coarsen threshold 1843 Howl Bitmap #cards 512 size 80 coarsen threshold 460 Card regions per heap region 1 cards per card region 2048
 CPUs: 8 total, 8 available
 Memory: 7883M
 Large Page Support: Disabled
 NUMA Support: Disabled
 Compressed Oops: Enabled (32-bit)
 Heap Region Size: 1M
 Heap Min Capacity: 8M
 Heap Initial Capacity: 124M
 Heap Max Capacity: 1972M
 Pre-touch: Disabled
 Parallel Workers: 8
 Concurrent Workers: 2
 Concurrent Refinement Workers: 8
 Periodic GC: Disabled
Heap:
 garbage-first heap   total 96256K, used 64068K [0x0000000084c00000, 0x0000000100000000)
  region size 1024K, 37 young (37888K), 1 survivors (1024K)
 Metaspace       used 66491K, committed 67200K, reserved 1114112K
  class space    used 8859K, committed 9216K, reserved 1048576K
GC Heap History (20 events):
Event: 1.858 GC heap before
{Heap before GC invocations=7 (full 0):
 garbage-first heap   total 48128K, used 33667K [0x0000000084c00000, 0x0000000100000000)
  region size 1024K, 20 young (20480K), 3 survivors (3072K)
 Metaspace       used 31297K, committed 31808K, reserved 1114112K
  class space    used 3919K, committed 4160K, reserved 1048576K
}
Event: 1.860 GC heap after
{Heap after GC invocations=8 (full 0):
 garbage-first heap   total 48128K, used 18946K [0x0000000084c00000, 0x0000000100000000)
  region size 1024K, 2 young (2048K), 2 survivors (2048K)
 Metaspace       used 31297K, committed 31808K, reserved 1114112K
  class space    used 3919K, committed 4160K, reserved 1048576K
}
Event: 2.059 GC heap before
{Heap before GC invocations=8 (full 0):
 garbage-first heap   total 48128K, used 36354K [0x0000000084c00000, 0x0000000100000000)
  region size 1024K, 19 young (19456K), 2 survivors (2048K)
 Metaspace       used 34609K, committed 35136K, reserved 1114112K
  class space    used 4353K, committed 4608K, reserved 1048576K
}
Event: 2.061 GC heap after
{Heap after GC invocations=9 (full 0):
 garbage-first heap   total 48128K, used 19790K [0x0000000084c00000, 0x0000000100000000)
  region size 1024K, 3 young (3072K), 3 survivors (3072K)
 Metaspace       used 34609K, committed 35136K, reserved 1114112K
  class space    used 4353K, committed 4608K, reserved 1048576K
}
Event: 2.097 GC heap before
{Heap before GC invocations=9 (full 0):
 garbage-first heap   total 48128K, used 22862K [0x0000000084c00000, 0x0000000100000000)
  region size 1024K, 7 young (7168K), 3 survivors (3072K)
 Metaspace       used 35518K, committed 35968K, reserved 1114112K
  class space    used 4499K, committed 4736K, reserved 1048576K
}
Event: 2.098 GC heap after
{Heap after GC invocations=10 (full 0):
 garbage-first heap   total 48128K, used 20108K [0x0000000084c00000, 0x0000000100000000)
  region size 1024K, 2 young (2048K), 2 survivors (2048K)
 Metaspace       used 35518K, committed 35968K, reserved 1114112K
  class space    used 4499K, committed 4736K, reserved 1048576K
}
Event: 2.524 GC heap before
{Heap before GC invocations=11 (full 0):
 garbage-first heap   total 48128K, used 35468K [0x0000000084c00000, 0x0000000100000000)
  region size 1024K, 18 young (18432K), 2 survivors (2048K)
 Metaspace       used 40519K, committed 41088K, reserved 1114112K
  class space    used 5169K, committed 5440K, reserved 1048576K
}
Event: 2.526 GC heap after
{Heap after GC invocations=12 (full 0):
 garbage-first heap   total 48128K, used 21070K [0x0000000084c00000, 0x0000000100000000)
  region size 1024K, 3 young (3072K), 3 survivors (3072K)
 Metaspace       used 40519K, committed 41088K, reserved 1114112K
  class space    used 5169K, committed 5440K, reserved 1048576K
}
Event: 2.536 GC heap before
{Heap before GC invocations=12 (full 0):
 garbage-first heap   total 48128K, used 22094K [0x0000000084c00000, 0x0000000100000000)
  region size 1024K, 4 young (4096K), 3 survivors (3072K)
 Metaspace       used 40920K, committed 41536K, reserved 1114112K
  class space    used 5209K, committed 5504K, reserved 1048576K
}
Event: 2.538 GC heap after
{Heap after GC invocations=13 (full 0):
 garbage-first heap   total 48128K, used 20871K [0x0000000084c00000, 0x0000000100000000)
  region size 1024K, 1 young (1024K), 1 survivors (1024K)
 Metaspace       used 40920K, committed 41536K, reserved 1114112K
  class space    used 5209K, committed 5504K, reserved 1048576K
}
Event: 2.738 GC heap before
{Heap before GC invocations=13 (full 0):
 garbage-first heap   total 48128K, used 36231K [0x0000000084c00000, 0x0000000100000000)
  region size 1024K, 17 young (17408K), 1 survivors (1024K)
 Metaspace       used 44912K, committed 45440K, reserved 1114112K
  class space    used 5745K, committed 6016K, reserved 1048576K
}
Event: 2.740 GC heap after
{Heap after GC invocations=14 (full 0):
 garbage-first heap   total 96256K, used 21738K [0x0000000084c00000, 0x0000000100000000)
  region size 1024K, 2 young (2048K), 2 survivors (2048K)
 Metaspace       used 44912K, committed 45440K, reserved 1114112K
  class space    used 5745K, committed 6016K, reserved 1048576K
}
Event: 3.313 GC heap before
{Heap before GC invocations=14 (full 0):
 garbage-first heap   total 96256K, used 71914K [0x0000000084c00000, 0x0000000100000000)
  region size 1024K, 52 young (53248K), 2 survivors (2048K)
 Metaspace       used 55747K, committed 56320K, reserved 1114112K
  class space    used 7385K, committed 7680K, reserved 1048576K
}
Event: 3.316 GC heap after
{Heap after GC invocations=15 (full 0):
 garbage-first heap   total 96256K, used 24090K [0x0000000084c00000, 0x0000000100000000)
  region size 1024K, 4 young (4096K), 4 survivors (4096K)
 Metaspace       used 55747K, committed 56320K, reserved 1114112K
  class space    used 7385K, committed 7680K, reserved 1048576K
}
Event: 3.682 GC heap before
{Heap before GC invocations=15 (full 0):
 garbage-first heap   total 96256K, used 59930K [0x0000000084c00000, 0x0000000100000000)
  region size 1024K, 40 young (40960K), 4 survivors (4096K)
 Metaspace       used 59681K, committed 60288K, reserved 1114112K
  class space    used 7889K, committed 8192K, reserved 1048576K
}
Event: 3.685 GC heap after
{Heap after GC invocations=16 (full 0):
 garbage-first heap   total 96256K, used 26125K [0x0000000084c00000, 0x0000000100000000)
  region size 1024K, 6 young (6144K), 6 survivors (6144K)
 Metaspace       used 59681K, committed 60288K, reserved 1114112K
  class space    used 7889K, committed 8192K, reserved 1048576K
}
Event: 3.943 GC heap before
{Heap before GC invocations=17 (full 0):
 garbage-first heap   total 96256K, used 75277K [0x0000000084c00000, 0x0000000100000000)
  region size 1024K, 54 young (55296K), 6 survivors (6144K)
 Metaspace       used 62510K, committed 63168K, reserved 1114112K
  class space    used 8324K, committed 8640K, reserved 1048576K
}
Event: 3.947 GC heap after
{Heap after GC invocations=18 (full 0):
 garbage-first heap   total 96256K, used 28873K [0x0000000084c00000, 0x0000000100000000)
  region size 1024K, 5 young (5120K), 5 survivors (5120K)
 Metaspace       used 62510K, committed 63168K, reserved 1114112K
  class space    used 8324K, committed 8640K, reserved 1048576K
}
Event: 3.953 GC heap before
{Heap before GC invocations=18 (full 0):
 garbage-first heap   total 96256K, used 29897K [0x0000000084c00000, 0x0000000100000000)
  region size 1024K, 6 young (6144K), 5 survivors (5120K)
 Metaspace       used 62540K, committed 63168K, reserved 1114112K
  class space    used 8329K, committed 8640K, reserved 1048576K
}
Event: 3.955 GC heap after
{Heap after GC invocations=19 (full 0):
 garbage-first heap   total 96256K, used 29252K [0x0000000084c00000, 0x0000000100000000)
  region size 1024K, 1 young (1024K), 1 survivors (1024K)
 Metaspace       used 62540K, committed 63168K, reserved 1114112K
  class space    used 8329K, committed 8640K, reserved 1048576K
}

