# JRE version: Java(TM) SE Runtime Environment (19.0.2+7) (build 19.0.2+7-44)
# Java VM: Java HotSpot(TM) 64-Bit Server VM (19.0.2+7-44, mixed mode, sharing, tiered, compressed oops, compressed class ptrs, g1 gc, windows-amd64)
GC Precious Log:
 CardTable entry size: 512
 Card Set container configuration: InlinePtr #cards 5 size 8 Array Of Cards #cards 12 size 40 Howl #buckets 4 coarsen threshold 1843 Howl Bitmap #cards 512 size 80 coarsen threshold 460 Card regions per heap region 1 cards per card region 2048
 CPUs: 8 total, 8 available
 Memory: 7883M
 Large Page Support: Disabled
 NUMA Support: Disabled
 Compressed Oops: Enabled (32-bit)
 Heap Region Size: 1M
 Heap Min Capacity: 8M
 Heap Initial Capacity: 124M
 Heap Max Capacity: 1972M
 Pre-touch: Disabled
 Parallel Workers: 8
 Concurrent Workers: 2
 Concurrent Refinement Workers: 8
 Periodic GC: Disabled
Heap:
 garbage-first heap   total 141312K, used 101464K [0x0000000084c00000, 0x0000000100000000)
  region size 1024K, 74 young (75776K), 3 survivors (3072K)
 Metaspace       used 73642K, committed 74368K, reserved 1114112K
  class space    used 9768K, committed 10112K, reserved 1048576K
GC Heap History (20 events):
Event: 2.387 GC heap before
{Heap before GC invocations=9 (full 0):
 garbage-first heap   total 48128K, used 25143K [0x0000000084c00000, 0x0000000100000000)
  region size 1024K, 8 young (8192K), 2 survivors (2048K)
 Metaspace       used 35495K, committed 35968K, reserved 1114112K
  class space    used 4495K, committed 4736K, reserved 1048576K
}
Event: 2.388 GC heap after
{Heap after GC invocations=10 (full 0):
 garbage-first heap   total 70656K, used 20131K [0x0000000084c00000, 0x0000000100000000)
  region size 1024K, 2 young (2048K), 2 survivors (2048K)
 Metaspace       used 35495K, committed 35968K, reserved 1114112K
  class space    used 4495K, committed 4736K, reserved 1048576K
}
Event: 2.895 GC heap before
{Heap before GC invocations=11 (full 0):
 garbage-first heap   total 70656K, used 52899K [0x0000000084c00000, 0x0000000100000000)
  region size 1024K, 35 young (35840K), 2 survivors (2048K)
 Metaspace       used 44527K, committed 45120K, reserved 1114112K
  class space    used 5693K, committed 5952K, reserved 1048576K
}
Event: 2.897 GC heap after
{Heap after GC invocations=12 (full 0):
 garbage-first heap   total 70656K, used 22459K [0x0000000084c00000, 0x0000000100000000)
  region size 1024K, 4 young (4096K), 4 survivors (4096K)
 Metaspace       used 44527K, committed 45120K, reserved 1114112K
  class space    used 5693K, committed 5952K, reserved 1048576K
}
Event: 2.911 GC heap before
{Heap before GC invocations=12 (full 0):
 garbage-first heap   total 70656K, used 23483K [0x0000000084c00000, 0x0000000100000000)
  region size 1024K, 5 young (5120K), 4 survivors (4096K)
 Metaspace       used 44703K, committed 45312K, reserved 1114112K
  class space    used 5720K, committed 6016K, reserved 1048576K
}
Event: 2.913 GC heap after
{Heap after GC invocations=13 (full 0):
 garbage-first heap   total 70656K, used 22410K [0x0000000084c00000, 0x0000000100000000)
  region size 1024K, 1 young (1024K), 1 survivors (1024K)
 Metaspace       used 44703K, committed 45312K, reserved 1114112K
  class space    used 5720K, committed 6016K, reserved 1048576K
}
Event: 3.293 GC heap before
{Heap before GC invocations=13 (full 0):
 garbage-first heap   total 70656K, used 53130K [0x0000000084c00000, 0x0000000100000000)
  region size 1024K, 32 young (32768K), 1 survivors (1024K)
 Metaspace       used 52963K, committed 53504K, reserved 1114112K
  class space    used 6970K, committed 7232K, reserved 1048576K
}
Event: 3.295 GC heap after
{Heap after GC invocations=14 (full 0):
 garbage-first heap   total 70656K, used 23484K [0x0000000084c00000, 0x0000000100000000)
  region size 1024K, 2 young (2048K), 2 survivors (2048K)
 Metaspace       used 52963K, committed 53504K, reserved 1114112K
  class space    used 6970K, committed 7232K, reserved 1048576K
}
Event: 3.675 GC heap before
{Heap before GC invocations=14 (full 0):
 garbage-first heap   total 70656K, used 55228K [0x0000000084c00000, 0x0000000100000000)
  region size 1024K, 33 young (33792K), 2 survivors (2048K)
 Metaspace       used 57460K, committed 58112K, reserved 1114112K
  class space    used 7587K, committed 7872K, reserved 1048576K
}
Event: 3.678 GC heap after
{Heap after GC invocations=15 (full 0):
 garbage-first heap   total 70656K, used 25225K [0x0000000084c00000, 0x0000000100000000)
  region size 1024K, 4 young (4096K), 4 survivors (4096K)
 Metaspace       used 57460K, committed 58112K, reserved 1114112K
  class space    used 7587K, committed 7872K, reserved 1048576K
}
Event: 3.832 GC heap before
{Heap before GC invocations=15 (full 0):
 garbage-first heap   total 70656K, used 39561K [0x0000000084c00000, 0x0000000100000000)
  region size 1024K, 19 young (19456K), 4 survivors (4096K)
 Metaspace       used 59720K, committed 60288K, reserved 1114112K
  class space    used 7883K, committed 8192K, reserved 1048576K
}
Event: 3.835 GC heap after
{Heap after GC invocations=16 (full 0):
 garbage-first heap   total 70656K, used 26144K [0x0000000084c00000, 0x0000000100000000)
  region size 1024K, 3 young (3072K), 3 survivors (3072K)
 Metaspace       used 59720K, committed 60288K, reserved 1114112K
  class space    used 7883K, committed 8192K, reserved 1048576K
}
Event: 3.968 GC heap before
{Heap before GC invocations=17 (full 0):
 garbage-first heap   total 70656K, used 54816K [0x0000000084c00000, 0x0000000100000000)
  region size 1024K, 31 young (31744K), 3 survivors (3072K)
 Metaspace       used 60689K, committed 61376K, reserved 1114112K
  class space    used 8064K, committed 8384K, reserved 1048576K
}
Event: 3.970 GC heap after
{Heap after GC invocations=18 (full 0):
 garbage-first heap   total 70656K, used 27017K [0x0000000084c00000, 0x0000000100000000)
  region size 1024K, 3 young (3072K), 3 survivors (3072K)
 Metaspace       used 60689K, committed 61376K, reserved 1114112K
  class space    used 8064K, committed 8384K, reserved 1048576K
}
Event: 3.976 GC heap before
{Heap before GC invocations=18 (full 0):
 garbage-first heap   total 70656K, used 28041K [0x0000000084c00000, 0x0000000100000000)
  region size 1024K, 4 young (4096K), 3 survivors (3072K)
 Metaspace       used 60704K, committed 61376K, reserved 1114112K
  class space    used 8064K, committed 8384K, reserved 1048576K
}
Event: 3.979 GC heap after
{Heap after GC invocations=19 (full 0):
 garbage-first heap   total 70656K, used 27141K [0x0000000084c00000, 0x0000000100000000)
  region size 1024K, 1 young (1024K), 1 survivors (1024K)
 Metaspace       used 60704K, committed 61376K, reserved 1114112K
  class space    used 8064K, committed 8384K, reserved 1048576K
}
Event: 4.040 GC heap before
{Heap before GC invocations=19 (full 0):
 garbage-first heap   total 70656K, used 54789K [0x0000000084c00000, 0x0000000100000000)
  region size 1024K, 28 young (28672K), 1 survivors (1024K)
 Metaspace       used 60944K, committed 61568K, reserved 1114112K
  class space    used 8077K, committed 8384K, reserved 1048576K
}
Event: 4.041 GC heap after
{Heap after GC invocations=20 (full 0):
 garbage-first heap   total 70656K, used 27606K [0x0000000084c00000, 0x0000000100000000)
  region size 1024K, 1 young (1024K), 1 survivors (1024K)
 Metaspace       used 60944K, committed 61568K, reserved 1114112K
  class space    used 8077K, committed 8384K, reserved 1048576K
}
Event: 4.277 GC heap before
{Heap before GC invocations=20 (full 0):
 garbage-first heap   total 70656K, used 56278K [0x0000000084c00000, 0x0000000100000000)
  region size 1024K, 29 young (29696K), 1 survivors (1024K)
 Metaspace       used 63375K, committed 64000K, reserved 1114112K
  class space    used 8417K, committed 8704K, reserved 1048576K
}
Event: 4.279 GC heap after
{Heap after GC invocations=21 (full 0):
 garbage-first heap   total 141312K, used 29784K [0x0000000084c00000, 0x0000000100000000)
  region size 1024K, 3 young (3072K), 3 survivors (3072K)
 Metaspace       used 63375K, committed 64000K, reserved 1114112K
  class space    used 8417K, committed 8704K, reserved 1048576K
}

