# JRE version: Java(TM) SE Runtime Environment (19.0.2+7) (build 19.0.2+7-44)
# Java VM: Java HotSpot(TM) 64-Bit Server VM (19.0.2+7-44, mixed mode, sharing, tiered, compressed oops, compressed class ptrs, g1 gc, windows-amd64)
GC Precious Log:
 CardTable entry size: 512
 Card Set container configuration: InlinePtr #cards 5 size 8 Array Of Cards #cards 12 size 40 Howl #buckets 4 coarsen threshold 1843 Howl Bitmap #cards 512 size 80 coarsen threshold 460 Card regions per heap region 1 cards per card region 2048
 CPUs: 8 total, 8 available
 Memory: 7883M
 Large Page Support: Disabled
 NUMA Support: Disabled
 Compressed Oops: Enabled (32-bit)
 Heap Region Size: 1M
 Heap Min Capacity: 8M
 Heap Initial Capacity: 124M
 Heap Max Capacity: 1972M
 Pre-touch: Disabled
 Parallel Workers: 8
 Concurrent Workers: 2
 Concurrent Refinement Workers: 8
 Periodic GC: Disabled
Heap:
 garbage-first heap   total 75776K, used 29865K [0x0000000084c00000, 0x0000000100000000)
  region size 1024K, 4 young (4096K), 4 survivors (4096K)
 Metaspace       used 64248K, committed 64960K, reserved 1114112K
  class space    used 8582K, committed 8896K, reserved 1048576K
GC Heap History (20 events):
Event: 2.535 GC heap after
{Heap after GC invocations=9 (full 0):
 garbage-first heap   total 64512K, used 19815K [0x0000000084c00000, 0x0000000100000000)
  region size 1024K, 1 young (1024K), 1 survivors (1024K)
 Metaspace       used 35481K, committed 35968K, reserved 1114112K
  class space    used 4495K, committed 4736K, reserved 1048576K
}
Event: 3.028 GC heap before
{Heap before GC invocations=10 (full 0):
 garbage-first heap   total 64512K, used 47463K [0x0000000084c00000, 0x0000000100000000)
  region size 1024K, 28 young (28672K), 1 survivors (1024K)
 Metaspace       used 43517K, committed 44032K, reserved 1114112K
  class space    used 5579K, committed 5824K, reserved 1048576K
}
Event: 3.030 GC heap after
{Heap after GC invocations=11 (full 0):
 garbage-first heap   total 64512K, used 21539K [0x0000000084c00000, 0x0000000100000000)
  region size 1024K, 3 young (3072K), 3 survivors (3072K)
 Metaspace       used 43517K, committed 44032K, reserved 1114112K
  class space    used 5579K, committed 5824K, reserved 1048576K
}
Event: 3.062 GC heap before
{Heap before GC invocations=11 (full 0):
 garbage-first heap   total 64512K, used 22563K [0x0000000084c00000, 0x0000000100000000)
  region size 1024K, 4 young (4096K), 3 survivors (3072K)
 Metaspace       used 43819K, committed 44416K, reserved 1114112K
  class space    used 5616K, committed 5888K, reserved 1048576K
}
Event: 3.065 GC heap after
{Heap after GC invocations=12 (full 0):
 garbage-first heap   total 64512K, used 21576K [0x0000000084c00000, 0x0000000100000000)
  region size 1024K, 1 young (1024K), 1 survivors (1024K)
 Metaspace       used 43819K, committed 44416K, reserved 1114112K
  class space    used 5616K, committed 5888K, reserved 1048576K
}
Event: 3.538 GC heap before
{Heap before GC invocations=12 (full 0):
 garbage-first heap   total 64512K, used 47176K [0x0000000084c00000, 0x0000000100000000)
  region size 1024K, 27 young (27648K), 1 survivors (1024K)
 Metaspace       used 50902K, committed 51456K, reserved 1114112K
  class space    used 6648K, committed 6912K, reserved 1048576K
}
Event: 3.540 GC heap after
{Heap after GC invocations=13 (full 0):
 garbage-first heap   total 64512K, used 22860K [0x0000000084c00000, 0x0000000100000000)
  region size 1024K, 2 young (2048K), 2 survivors (2048K)
 Metaspace       used 50902K, committed 51456K, reserved 1114112K
  class space    used 6648K, committed 6912K, reserved 1048576K
}
Event: 3.935 GC heap before
{Heap before GC invocations=13 (full 0):
 garbage-first heap   total 64512K, used 49484K [0x0000000084c00000, 0x0000000100000000)
  region size 1024K, 28 young (28672K), 2 survivors (2048K)
 Metaspace       used 55488K, committed 56064K, reserved 1114112K
  class space    used 7348K, committed 7616K, reserved 1048576K
}
Event: 3.937 GC heap after
{Heap after GC invocations=14 (full 0):
 garbage-first heap   total 64512K, used 23886K [0x0000000084c00000, 0x0000000100000000)
  region size 1024K, 3 young (3072K), 3 survivors (3072K)
 Metaspace       used 55488K, committed 56064K, reserved 1114112K
  class space    used 7348K, committed 7616K, reserved 1048576K
}
Event: 4.322 GC heap before
{Heap before GC invocations=14 (full 0):
 garbage-first heap   total 64512K, used 50510K [0x0000000084c00000, 0x0000000100000000)
  region size 1024K, 29 young (29696K), 3 survivors (3072K)
 Metaspace       used 59498K, committed 60096K, reserved 1114112K
  class space    used 7871K, committed 8128K, reserved 1048576K
}
Event: 4.326 GC heap after
{Heap after GC invocations=15 (full 0):
 garbage-first heap   total 64512K, used 25871K [0x0000000084c00000, 0x0000000100000000)
  region size 1024K, 3 young (3072K), 3 survivors (3072K)
 Metaspace       used 59498K, committed 60096K, reserved 1114112K
  class space    used 7871K, committed 8128K, reserved 1048576K
}
Event: 4.340 GC heap before
{Heap before GC invocations=15 (full 0):
 garbage-first heap   total 64512K, used 29967K [0x0000000084c00000, 0x0000000100000000)
  region size 1024K, 8 young (8192K), 3 survivors (3072K)
 Metaspace       used 59541K, committed 60160K, reserved 1114112K
  class space    used 7875K, committed 8192K, reserved 1048576K
}
Event: 4.343 GC heap after
{Heap after GC invocations=16 (full 0):
 garbage-first heap   total 64512K, used 25960K [0x0000000084c00000, 0x0000000100000000)
  region size 1024K, 2 young (2048K), 2 survivors (2048K)
 Metaspace       used 59541K, committed 60160K, reserved 1114112K
  class space    used 7875K, committed 8192K, reserved 1048576K
}
Event: 4.477 GC heap before
{Heap before GC invocations=17 (full 0):
 garbage-first heap   total 64512K, used 51560K [0x0000000084c00000, 0x0000000100000000)
  region size 1024K, 27 young (27648K), 2 survivors (2048K)
 Metaspace       used 60381K, committed 60992K, reserved 1114112K
  class space    used 8040K, committed 8320K, reserved 1048576K
}
Event: 4.478 GC heap after
{Heap after GC invocations=18 (full 0):
 garbage-first heap   total 64512K, used 26869K [0x0000000084c00000, 0x0000000100000000)
  region size 1024K, 3 young (3072K), 3 survivors (3072K)
 Metaspace       used 60381K, committed 60992K, reserved 1114112K
  class space    used 8040K, committed 8320K, reserved 1048576K
}
Event: 4.485 GC heap before
{Heap before GC invocations=18 (full 0):
 garbage-first heap   total 64512K, used 27893K [0x0000000084c00000, 0x0000000100000000)
  region size 1024K, 4 young (4096K), 3 survivors (3072K)
 Metaspace       used 60412K, committed 60992K, reserved 1114112K
  class space    used 8041K, committed 8320K, reserved 1048576K
}
Event: 4.488 GC heap after
{Heap after GC invocations=19 (full 0):
 garbage-first heap   total 64512K, used 26938K [0x0000000084c00000, 0x0000000100000000)
  region size 1024K, 1 young (1024K), 1 survivors (1024K)
 Metaspace       used 60412K, committed 60992K, reserved 1114112K
  class space    used 8041K, committed 8320K, reserved 1048576K
}
Event: 4.640 GC heap before
{Heap before GC invocations=19 (full 0):
 garbage-first heap   total 64512K, used 51514K [0x0000000084c00000, 0x0000000100000000)
  region size 1024K, 26 young (26624K), 1 survivors (1024K)
 Metaspace       used 62035K, committed 62656K, reserved 1114112K
  class space    used 8283K, committed 8576K, reserved 1048576K
}
Event: 4.642 GC heap after
{Heap after GC invocations=20 (full 0):
 garbage-first heap   total 64512K, used 28096K [0x0000000084c00000, 0x0000000100000000)
  region size 1024K, 2 young (2048K), 2 survivors (2048K)
 Metaspace       used 62035K, committed 62656K, reserved 1114112K
  class space    used 8283K, committed 8576K, reserved 1048576K
}
Event: 4.899 GC heap before
{Heap before GC invocations=20 (full 0):
 garbage-first heap   total 64512K, used 51648K [0x0000000084c00000, 0x0000000100000000)
  region size 1024K, 25 young (25600K), 2 survivors (2048K)
 Metaspace       used 64248K, committed 64960K, reserved 1114112K
  class space    used 8582K, committed 8896K, reserved 1048576K
}

