# JRE version: Java(TM) SE Runtime Environment (19.0.2+7) (build 19.0.2+7-44)
# Java VM: Java HotSpot(TM) 64-Bit Server VM (19.0.2+7-44, mixed mode, sharing, tiered, compressed oops, compressed class ptrs, g1 gc, windows-amd64)
GC Precious Log:
 CardTable entry size: 512
 Card Set container configuration: InlinePtr #cards 5 size 8 Array Of Cards #cards 12 size 40 Howl #buckets 4 coarsen threshold 1843 Howl Bitmap #cards 512 size 80 coarsen threshold 460 Card regions per heap region 1 cards per card region 2048
 CPUs: 8 total, 8 available
 Memory: 7883M
 Large Page Support: Disabled
 NUMA Support: Disabled
 Compressed Oops: Enabled (32-bit)
 Heap Region Size: 1M
 Heap Min Capacity: 8M
 Heap Initial Capacity: 124M
 Heap Max Capacity: 1972M
 Pre-touch: Disabled
 Parallel Workers: 8
 Concurrent Workers: 2
 Concurrent Refinement Workers: 8
 Periodic GC: Disabled
Heap:
 garbage-first heap   total 75776K, used 22086K [0x0000000084c00000, 0x0000000100000000)
  region size 1024K, 2 young (2048K), 2 survivors (2048K)
 Metaspace       used 44546K, committed 45120K, reserved 1114112K
  class space    used 5694K, committed 5952K, reserved 1048576K
GC Heap History (20 events):
Event: 0.923 GC heap after
{Heap after GC invocations=2 (full 0):
 garbage-first heap   total 126976K, used 9513K [0x0000000084c00000, 0x0000000100000000)
  region size 1024K, 3 young (3072K), 3 survivors (3072K)
 Metaspace       used 12805K, committed 13056K, reserved 1114112K
  class space    used 1650K, committed 1728K, reserved 1048576K
}
Event: 1.416 GC heap before
{Heap before GC invocations=2 (full 0):
 garbage-first heap   total 126976K, used 56617K [0x0000000084c00000, 0x0000000100000000)
  region size 1024K, 51 young (52224K), 3 survivors (3072K)
 Metaspace       used 21221K, committed 21504K, reserved 1114112K
  class space    used 2581K, committed 2688K, reserved 1048576K
}
Event: 1.419 GC heap after
{Heap after GC invocations=3 (full 0):
 garbage-first heap   total 126976K, used 13246K [0x0000000084c00000, 0x0000000100000000)
  region size 1024K, 6 young (6144K), 6 survivors (6144K)
 Metaspace       used 21221K, committed 21504K, reserved 1114112K
  class space    used 2581K, committed 2688K, reserved 1048576K
}
Event: 1.740 GC heap before
{Heap before GC invocations=4 (full 0):
 garbage-first heap   total 48128K, used 36798K [0x0000000084c00000, 0x0000000100000000)
  region size 1024K, 29 young (29696K), 6 survivors (6144K)
 Metaspace       used 24474K, committed 24832K, reserved 1114112K
  class space    used 3026K, committed 3200K, reserved 1048576K
}
Event: 1.744 GC heap after
{Heap after GC invocations=5 (full 0):
 garbage-first heap   total 48128K, used 15139K [0x0000000084c00000, 0x0000000100000000)
  region size 1024K, 3 young (3072K), 3 survivors (3072K)
 Metaspace       used 24474K, committed 24832K, reserved 1114112K
  class space    used 3026K, committed 3200K, reserved 1048576K
}
Event: 1.758 GC heap before
{Heap before GC invocations=5 (full 0):
 garbage-first heap   total 48128K, used 16163K [0x0000000084c00000, 0x0000000100000000)
  region size 1024K, 4 young (4096K), 3 survivors (3072K)
 Metaspace       used 24728K, committed 25088K, reserved 1114112K
  class space    used 3058K, committed 3200K, reserved 1048576K
}
Event: 1.759 GC heap after
{Heap after GC invocations=6 (full 0):
 garbage-first heap   total 48128K, used 15351K [0x0000000084c00000, 0x0000000100000000)
  region size 1024K, 1 young (1024K), 1 survivors (1024K)
 Metaspace       used 24728K, committed 25088K, reserved 1114112K
  class space    used 3058K, committed 3200K, reserved 1048576K
}
Event: 2.143 GC heap before
{Heap before GC invocations=6 (full 0):
 garbage-first heap   total 48128K, used 32759K [0x0000000084c00000, 0x0000000100000000)
  region size 1024K, 19 young (19456K), 1 survivors (1024K)
 Metaspace       used 28165K, committed 28544K, reserved 1114112K
  class space    used 3545K, committed 3712K, reserved 1048576K
}
Event: 2.146 GC heap after
{Heap after GC invocations=7 (full 0):
 garbage-first heap   total 48128K, used 17147K [0x0000000084c00000, 0x0000000100000000)
  region size 1024K, 3 young (3072K), 3 survivors (3072K)
 Metaspace       used 28165K, committed 28544K, reserved 1114112K
  class space    used 3545K, committed 3712K, reserved 1048576K
}
Event: 2.462 GC heap before
{Heap before GC invocations=7 (full 0):
 garbage-first heap   total 48128K, used 33531K [0x0000000084c00000, 0x0000000100000000)
  region size 1024K, 20 young (20480K), 3 survivors (3072K)
 Metaspace       used 31171K, committed 31680K, reserved 1114112K
  class space    used 3889K, committed 4160K, reserved 1048576K
}
Event: 2.466 GC heap after
{Heap after GC invocations=8 (full 0):
 garbage-first heap   total 48128K, used 18834K [0x0000000084c00000, 0x0000000100000000)
  region size 1024K, 2 young (2048K), 2 survivors (2048K)
 Metaspace       used 31171K, committed 31680K, reserved 1114112K
  class space    used 3889K, committed 4160K, reserved 1048576K
}
Event: 2.700 GC heap before
{Heap before GC invocations=8 (full 0):
 garbage-first heap   total 48128K, used 35218K [0x0000000084c00000, 0x0000000100000000)
  region size 1024K, 19 young (19456K), 2 survivors (2048K)
 Metaspace       used 33852K, committed 34432K, reserved 1114112K
  class space    used 4230K, committed 4480K, reserved 1048576K
}
Event: 2.702 GC heap after
{Heap after GC invocations=9 (full 0):
 garbage-first heap   total 48128K, used 20023K [0x0000000084c00000, 0x0000000100000000)
  region size 1024K, 2 young (2048K), 2 survivors (2048K)
 Metaspace       used 33852K, committed 34432K, reserved 1114112K
  class space    used 4230K, committed 4480K, reserved 1048576K
}
Event: 2.771 GC heap before
{Heap before GC invocations=9 (full 0):
 garbage-first heap   total 48128K, used 25143K [0x0000000084c00000, 0x0000000100000000)
  region size 1024K, 8 young (8192K), 2 survivors (2048K)
 Metaspace       used 35427K, committed 35968K, reserved 1114112K
  class space    used 4453K, committed 4736K, reserved 1048576K
}
Event: 2.772 GC heap after
{Heap after GC invocations=10 (full 0):
 garbage-first heap   total 48128K, used 20185K [0x0000000084c00000, 0x0000000100000000)
  region size 1024K, 2 young (2048K), 2 survivors (2048K)
 Metaspace       used 35427K, committed 35968K, reserved 1114112K
  class space    used 4453K, committed 4736K, reserved 1048576K
}
Event: 3.035 GC heap before
{Heap before GC invocations=11 (full 0):
 garbage-first heap   total 48128K, used 35545K [0x0000000084c00000, 0x0000000100000000)
  region size 1024K, 18 young (18432K), 2 survivors (2048K)
 Metaspace       used 40114K, committed 40640K, reserved 1114112K
  class space    used 5141K, committed 5376K, reserved 1048576K
}
Event: 3.037 GC heap after
{Heap after GC invocations=12 (full 0):
 garbage-first heap   total 48128K, used 21296K [0x0000000084c00000, 0x0000000100000000)
  region size 1024K, 3 young (3072K), 3 survivors (3072K)
 Metaspace       used 40114K, committed 40640K, reserved 1114112K
  class space    used 5141K, committed 5376K, reserved 1048576K
}
Event: 3.053 GC heap before
{Heap before GC invocations=12 (full 0):
 garbage-first heap   total 48128K, used 21296K [0x0000000084c00000, 0x0000000100000000)
  region size 1024K, 4 young (4096K), 3 survivors (3072K)
 Metaspace       used 40538K, committed 41088K, reserved 1114112K
  class space    used 5170K, committed 5440K, reserved 1048576K
}
Event: 3.055 GC heap after
{Heap after GC invocations=13 (full 0):
 garbage-first heap   total 48128K, used 21243K [0x0000000084c00000, 0x0000000100000000)
  region size 1024K, 1 young (1024K), 1 survivors (1024K)
 Metaspace       used 40538K, committed 41088K, reserved 1114112K
  class space    used 5170K, committed 5440K, reserved 1048576K
}
Event: 3.275 GC heap before
{Heap before GC invocations=13 (full 0):
 garbage-first heap   total 48128K, used 36603K [0x0000000084c00000, 0x0000000100000000)
  region size 1024K, 17 young (17408K), 1 survivors (1024K)
 Metaspace       used 44546K, committed 45120K, reserved 1114112K
  class space    used 5694K, committed 5952K, reserved 1048576K
}

