# JRE version: Java(TM) SE Runtime Environment (19.0.2+7) (build 19.0.2+7-44)
# Java VM: Java HotSpot(TM) 64-Bit Server VM (19.0.2+7-44, mixed mode, sharing, tiered, compressed oops, compressed class ptrs, g1 gc, windows-amd64)
GC Precious Log:
 CardTable entry size: 512
 Card Set container configuration: InlinePtr #cards 5 size 8 Array Of Cards #cards 12 size 40 Howl #buckets 4 coarsen threshold 1843 Howl Bitmap #cards 512 size 80 coarsen threshold 460 Card regions per heap region 1 cards per card region 2048
 CPUs: 8 total, 8 available
 Memory: 7883M
 Large Page Support: Disabled
 NUMA Support: Disabled
 Compressed Oops: Enabled (32-bit)
 Heap Region Size: 1M
 Heap Min Capacity: 8M
 Heap Initial Capacity: 124M
 Heap Max Capacity: 1972M
 Pre-touch: Disabled
 Parallel Workers: 8
 Concurrent Workers: 2
 Concurrent Refinement Workers: 8
 Periodic GC: Disabled
Heap:
 garbage-first heap   total 172032K, used 85613K [0x0000000084c00000, 0x0000000100000000)
  region size 1024K, 59 young (60416K), 3 survivors (3072K)
 Metaspace       used 73528K, committed 74176K, reserved 1114112K
  class space    used 9793K, committed 10112K, reserved 1048576K
GC Heap History (20 events):
Event: 2.976 GC heap before
{Heap before GC invocations=9 (full 0):
 garbage-first heap   total 48128K, used 24820K [0x0000000084c00000, 0x0000000100000000)
  region size 1024K, 9 young (9216K), 3 survivors (3072K)
 Metaspace       used 35716K, committed 36160K, reserved 1114112K
  class space    used 4524K, committed 4736K, reserved 1048576K
}
Event: 2.979 GC heap after
{Heap after GC invocations=10 (full 0):
 garbage-first heap   total 48128K, used 19921K [0x0000000084c00000, 0x0000000100000000)
  region size 1024K, 2 young (2048K), 2 survivors (2048K)
 Metaspace       used 35716K, committed 36160K, reserved 1114112K
  class space    used 4524K, committed 4736K, reserved 1048576K
}
Event: 3.306 GC heap before
{Heap before GC invocations=11 (full 0):
 garbage-first heap   total 48128K, used 36305K [0x0000000084c00000, 0x0000000100000000)
  region size 1024K, 18 young (18432K), 2 survivors (2048K)
 Metaspace       used 40892K, committed 41472K, reserved 1114112K
  class space    used 5200K, committed 5504K, reserved 1048576K
}
Event: 3.309 GC heap after
{Heap after GC invocations=12 (full 0):
 garbage-first heap   total 70656K, used 20875K [0x0000000084c00000, 0x0000000100000000)
  region size 1024K, 3 young (3072K), 3 survivors (3072K)
 Metaspace       used 40892K, committed 41472K, reserved 1114112K
  class space    used 5200K, committed 5504K, reserved 1048576K
}
Event: 3.334 GC heap before
{Heap before GC invocations=12 (full 0):
 garbage-first heap   total 70656K, used 21899K [0x0000000084c00000, 0x0000000100000000)
  region size 1024K, 4 young (4096K), 3 survivors (3072K)
 Metaspace       used 41174K, committed 41728K, reserved 1114112K
  class space    used 5244K, committed 5504K, reserved 1048576K
}
Event: 3.337 GC heap after
{Heap after GC invocations=13 (full 0):
 garbage-first heap   total 70656K, used 20894K [0x0000000084c00000, 0x0000000100000000)
  region size 1024K, 1 young (1024K), 1 survivors (1024K)
 Metaspace       used 41174K, committed 41728K, reserved 1114112K
  class space    used 5244K, committed 5504K, reserved 1048576K
}
Event: 3.843 GC heap before
{Heap before GC invocations=13 (full 0):
 garbage-first heap   total 70656K, used 52638K [0x0000000084c00000, 0x0000000100000000)
  region size 1024K, 33 young (33792K), 1 survivors (1024K)
 Metaspace       used 49845K, committed 50432K, reserved 1114112K
  class space    used 6422K, committed 6720K, reserved 1048576K
}
Event: 3.846 GC heap after
{Heap after GC invocations=14 (full 0):
 garbage-first heap   total 70656K, used 22746K [0x0000000084c00000, 0x0000000100000000)
  region size 1024K, 3 young (3072K), 3 survivors (3072K)
 Metaspace       used 49845K, committed 50432K, reserved 1114112K
  class space    used 6422K, committed 6720K, reserved 1048576K
}
Event: 4.442 GC heap before
{Heap before GC invocations=14 (full 0):
 garbage-first heap   total 70656K, used 54490K [0x0000000084c00000, 0x0000000100000000)
  region size 1024K, 34 young (34816K), 3 survivors (3072K)
 Metaspace       used 55702K, committed 56320K, reserved 1114112K
  class space    used 7376K, committed 7680K, reserved 1048576K
}
Event: 4.446 GC heap after
{Heap after GC invocations=15 (full 0):
 garbage-first heap   total 70656K, used 23965K [0x0000000084c00000, 0x0000000100000000)
  region size 1024K, 4 young (4096K), 4 survivors (4096K)
 Metaspace       used 55702K, committed 56320K, reserved 1114112K
  class space    used 7376K, committed 7680K, reserved 1048576K
}
Event: 4.960 GC heap before
{Heap before GC invocations=15 (full 0):
 garbage-first heap   total 70656K, used 55709K [0x0000000084c00000, 0x0000000100000000)
  region size 1024K, 35 young (35840K), 4 survivors (4096K)
 Metaspace       used 59548K, committed 60160K, reserved 1114112K
  class space    used 7872K, committed 8192K, reserved 1048576K
}
Event: 4.964 GC heap after
{Heap after GC invocations=16 (full 0):
 garbage-first heap   total 70656K, used 25900K [0x0000000084c00000, 0x0000000100000000)
  region size 1024K, 4 young (4096K), 4 survivors (4096K)
 Metaspace       used 59548K, committed 60160K, reserved 1114112K
  class space    used 7872K, committed 8192K, reserved 1048576K
}
Event: 5.004 GC heap before
{Heap before GC invocations=16 (full 0):
 garbage-first heap   total 70656K, used 32044K [0x0000000084c00000, 0x0000000100000000)
  region size 1024K, 11 young (11264K), 4 survivors (4096K)
 Metaspace       used 59975K, committed 60608K, reserved 1114112K
  class space    used 7931K, committed 8256K, reserved 1048576K
}
Event: 5.007 GC heap after
{Heap after GC invocations=17 (full 0):
 garbage-first heap   total 70656K, used 26308K [0x0000000084c00000, 0x0000000100000000)
  region size 1024K, 3 young (3072K), 3 survivors (3072K)
 Metaspace       used 59975K, committed 60608K, reserved 1114112K
  class space    used 7931K, committed 8256K, reserved 1048576K
}
Event: 5.140 GC heap before
{Heap before GC invocations=18 (full 0):
 garbage-first heap   total 70656K, used 57028K [0x0000000084c00000, 0x0000000100000000)
  region size 1024K, 33 young (33792K), 3 survivors (3072K)
 Metaspace       used 60751K, committed 61376K, reserved 1114112K
  class space    used 8043K, committed 8320K, reserved 1048576K
}
Event: 5.142 GC heap after
{Heap after GC invocations=19 (full 0):
 garbage-first heap   total 70656K, used 27311K [0x0000000084c00000, 0x0000000100000000)
  region size 1024K, 4 young (4096K), 4 survivors (4096K)
 Metaspace       used 60751K, committed 61376K, reserved 1114112K
  class space    used 8043K, committed 8320K, reserved 1048576K
}
Event: 5.143 GC heap before
{Heap before GC invocations=19 (full 0):
 garbage-first heap   total 70656K, used 28335K [0x0000000084c00000, 0x0000000100000000)
  region size 1024K, 5 young (5120K), 4 survivors (4096K)
 Metaspace       used 60751K, committed 61376K, reserved 1114112K
  class space    used 8043K, committed 8320K, reserved 1048576K
}
Event: 5.146 GC heap after
{Heap after GC invocations=20 (full 0):
 garbage-first heap   total 70656K, used 27009K [0x0000000084c00000, 0x0000000100000000)
  region size 1024K, 1 young (1024K), 1 survivors (1024K)
 Metaspace       used 60751K, committed 61376K, reserved 1114112K
  class space    used 8043K, committed 8320K, reserved 1048576K
}
Event: 5.545 GC heap before
{Heap before GC invocations=20 (full 0):
 garbage-first heap   total 70656K, used 56705K [0x0000000084c00000, 0x0000000100000000)
  region size 1024K, 30 young (30720K), 1 survivors (1024K)
 Metaspace       used 63454K, committed 64128K, reserved 1114112K
  class space    used 8469K, committed 8768K, reserved 1048576K
}
Event: 5.548 GC heap after
{Heap after GC invocations=21 (full 0):
 garbage-first heap   total 172032K, used 29293K [0x0000000084c00000, 0x0000000100000000)
  region size 1024K, 3 young (3072K), 3 survivors (3072K)
 Metaspace       used 63454K, committed 64128K, reserved 1114112K
  class space    used 8469K, committed 8768K, reserved 1048576K
}

